<?xml version="1.0" encoding="UTF-8"?>
<!-- Generated by org.testng.reporters.JUnitReportReporter -->
<testsuite skipped="0" hostname="Vivek-mac-mini.local" name="testpackage.Cpm_Test_login" tests="2" failures="0" timestamp="2020-01-07T13:14:01 IST" time="12.281" errors="0">
  <testcase name="getLigin_details" time="12.008" classname="testpackage.Cpm_Test_login"/>
  <testcase name="loginverified" time="0.273" classname="testpackage.Cpm_Test_login"/>
</testsuite> <!-- testpackage.Cpm_Test_login -->
