<?xml version="1.0" encoding="UTF-8"?>
<!-- Generated by org.testng.reporters.JUnitReportReporter -->
<testsuite skipped="0" hostname="Vivek-mac-mini.local" name="testpackage.Browser_check" tests="1" failures="0" timestamp="2019-11-28T17:27:58 IST" time="20.068" errors="0">
  <testcase name="browsertest" time="20.068" classname="testpackage.Browser_check"/>
</testsuite> <!-- testpackage.Browser_check -->
